2026-04-22 07:50:04 - Error: Unable to find template "catalog/view/template/information/journal.twig" (looked into: .).
File: C:\xampp\htdocs\opencartnew\system\storage\vendor\twig\twig\src\Loader\FilesystemLoader.php
Line: 234

Backtrace: 0
File: C:\xampp\htdocs\opencartnew\system\storage\vendor\twig\twig\src\Loader\FilesystemLoader.php
Line: 138
Class: Twig\Loader\FilesystemLoader
Function: findTemplate

Backtrace: 1
File: C:\xampp\htdocs\opencartnew\system\storage\vendor\twig\twig\src\Environment.php
Line: 304
Class: Twig\Loader\FilesystemLoader
Function: getCacheKey

Backtrace: 2
File: C:\xampp\htdocs\opencartnew\system\storage\vendor\twig\twig\src\Environment.php
Line: 357
Class: Twig\Environment
Function: getTemplateClass

Backtrace: 3
File: C:\xampp\htdocs\opencartnew\system\storage\vendor\twig\twig\src\Environment.php
Line: 320
Class: Twig\Environment
Function: load

Backtrace: 4
File: C:\xampp\htdocs\opencartnew\system\library\template\twig.php
Line: 119
Class: Twig\Environment
Function: render

Backtrace: 5
File: C:\xampp\htdocs\opencartnew\system\library\template.php
Line: 58
Class: Opencart\System\Library\Template\Twig
Function: render

Backtrace: 6
File: C:\xampp\htdocs\opencartnew\system\engine\loader.php
Line: 187
Class: Opencart\System\Library\Template
Function: render

Backtrace: 7
File: C:\xampp\htdocs\opencartnew\catalog\controller\information\journal.php
Line: 20
Class: Opencart\System\Engine\Loader
Function: view

Backtrace: 8
File: C:\xampp\htdocs\opencartnew\system\engine\action.php
Line: 96
Class: Opencart\Catalog\Controller\Information\Journal
Function: index

Backtrace: 9
File: C:\xampp\htdocs\opencartnew\system\framework.php
Line: 259
Class: Opencart\System\Engine\Action
Function: execute

Backtrace: 10
File: C:\xampp\htdocs\opencartnew\index.php
Line: 20
Function: require_once
